<?xml version="1.0" encoding="UTF-8"?>
<testsuite xmlns:xsi="http://www.w3.org/2001/XMLSchema-instance" xsi:noNamespaceSchemaLocation="https://maven.apache.org/surefire/maven-surefire-plugin/xsd/surefire-test-report-3.0.xsd" version="3.0" name="TestSuite" time="53.622" tests="3" errors="0" skipped="0" failures="0">
  <properties>
[...]
</properties>
  <testcase name="test" classname="com.solvd.DemoTest" time="10.111">
    <system-err><![CDATA[SLF4J: No SLF4J providers were found.
SLF4J: Defaulting to no-operation (NOP) logger implementation
SLF4J: See https://www.slf4j.org/codes.html#noProviders for further details.
лист. 08, 2023 4:48:22 ПП org.openqa.selenium.remote.tracing.opentelemetry.OpenTelemetryTracer createTracer
INFO: Using OpenTelemetry for tracing
]]></system-err>
  </testcase>
  <testcase name="demoPurpose" classname="com.solvd.SignInTest" time="16.996"/>
  <testcase name="testExistingUser" classname="com.solvd.SignInTest" time="44.843">
    <system-out><![CDATA[[INFO ] 2023-11-08 16:49:05.926 [TestNG-test=all_tests-2] ExtendedWebElement - DefaultElementLocator 'By.xpath: //a[contains(text(),'Sign In')]' element is clicked
[INFO ] 2023-11-08 16:49:08.987 [TestNG-test=all_tests-2] ExtendedWebElement - DefaultElementLocator 'By.xpath: //input[contains(@name,'login[username]')]' text is typed:email123456@gmail.com
[INFO ] 2023-11-08 16:49:09.800 [TestNG-test=all_tests-2] ExtendedWebElement - DefaultElementLocator 'By.xpath: //input[contains(@name,'login[password]')]' text is typed:********
[INFO ] 2023-11-08 16:49:13.024 [TestNG-test=all_tests-2] ExtendedWebElement - DefaultElementLocator 'By.id: send2' element is clicked
]]></system-out>
  </testcase>
</testsuite>