<?xml version="1.0" encoding="UTF-8"?>
<!-- Generated by org.testng.reporters.JUnitXMLReporter -->
<testsuite ignored="0" hostname="Anatoliis-MacBook-Pro.local" failures="0" tests="3" name="all_tests" time="51.912" errors="0" timestamp="2023-11-08T16:49:13 EET">
  <testcase classname="com.solvd.DemoTest" name="test" time="10.107"/>
  <testcase classname="com.solvd.SignInTest" name="demoPurpose" time="17.993"/>
  <testcase classname="com.solvd.SignInTest" name="testExistingUser" time="45.842"/>
</testsuite> <!-- all_tests -->
